2020-08-13 22:00:17.017 - Info	
Packing C:\source\repos\MuhammetAtalay.Xrm.PCF.NoteIt\NoteItControl\obj\Release\Metadata to bin\Release\NoteItControl.zip

2020-08-13 22:00:17.026 - Info	Processing Component: Entities
2020-08-13 22:00:17.029 - Info	Processing Component: Roles
2020-08-13 22:00:17.032 - Info	Processing Component: Workflows
2020-08-13 22:00:17.032 - Info	Processing Component: FieldSecurityProfiles
2020-08-13 22:00:17.032 - Info	Processing Component: Templates
2020-08-13 22:00:17.033 - Info	Processing Component: EntityMaps
2020-08-13 22:00:17.033 - Info	Processing Component: EntityRelationships
2020-08-13 22:00:17.037 - Info	Processing Component: OrganizationSettings
2020-08-13 22:00:17.037 - Info	Processing Component: optionsets
2020-08-13 22:00:17.037 - Info	Processing Component: CustomControls
2020-08-13 22:00:17.044 - Info	 - MuhammetAtalay.Xrm.PCF.NoteIt
2020-08-13 22:00:17.052 - Info	Processing Component: SolutionPluginAssemblies
2020-08-13 22:00:17.053 - Info	Processing Component: EntityDataProviders
2020-08-13 22:00:17.073 - Info	
Managed Pack complete.

2020-08-13 22:13:43.585 - Info	
Packing C:\source\repos\MuhammetAtalay.Xrm.PCF.NoteIt\NoteItControl\obj\Release\Metadata to bin\Release\NoteItControl.zip

2020-08-13 22:13:43.593 - Info	Processing Component: Entities
2020-08-13 22:13:43.596 - Info	Processing Component: Roles
2020-08-13 22:13:43.598 - Info	Processing Component: Workflows
2020-08-13 22:13:43.598 - Info	Processing Component: FieldSecurityProfiles
2020-08-13 22:13:43.599 - Info	Processing Component: Templates
2020-08-13 22:13:43.600 - Info	Processing Component: EntityMaps
2020-08-13 22:13:43.600 - Info	Processing Component: EntityRelationships
2020-08-13 22:13:43.603 - Info	Processing Component: OrganizationSettings
2020-08-13 22:13:43.603 - Info	Processing Component: optionsets
2020-08-13 22:13:43.603 - Info	Processing Component: CustomControls
2020-08-13 22:13:43.610 - Info	 - MuhammetAtalay.Xrm.PCF.NoteIt
2020-08-13 22:13:43.618 - Info	Processing Component: SolutionPluginAssemblies
2020-08-13 22:13:43.619 - Info	Processing Component: EntityDataProviders
2020-08-13 22:13:43.635 - Info	
Managed Pack complete.

2020-08-13 22:26:09.377 - Info	
Packing C:\source\repos\MuhammetAtalay.Xrm.PCF.NoteIt\NoteItControl\obj\Release\Metadata to bin\Release\NoteItControl.zip

2020-08-13 22:26:09.389 - Info	Processing Component: Entities
2020-08-13 22:26:09.393 - Info	Processing Component: Roles
2020-08-13 22:26:09.396 - Info	Processing Component: Workflows
2020-08-13 22:26:09.397 - Info	Processing Component: FieldSecurityProfiles
2020-08-13 22:26:09.397 - Info	Processing Component: Templates
2020-08-13 22:26:09.398 - Info	Processing Component: EntityMaps
2020-08-13 22:26:09.398 - Info	Processing Component: EntityRelationships
2020-08-13 22:26:09.403 - Info	Processing Component: OrganizationSettings
2020-08-13 22:26:09.404 - Info	Processing Component: optionsets
2020-08-13 22:26:09.404 - Info	Processing Component: CustomControls
2020-08-13 22:26:09.412 - Info	 - MuhammetAtalay.Xrm.PCF.NoteIt
2020-08-13 22:26:09.421 - Info	Processing Component: SolutionPluginAssemblies
2020-08-13 22:26:09.422 - Info	Processing Component: EntityDataProviders
2020-08-13 22:26:09.441 - Info	
Managed Pack complete.

2020-08-13 23:10:18.882 - Info	
Packing C:\source\repos\MuhammetAtalay.Xrm.PCF.NoteIt\NoteItControl\obj\Release\Metadata to bin\Release\NoteItControl.zip

2020-08-13 23:10:18.896 - Info	Processing Component: Entities
2020-08-13 23:10:18.900 - Info	Processing Component: Roles
2020-08-13 23:10:18.904 - Info	Processing Component: Workflows
2020-08-13 23:10:18.905 - Info	Processing Component: FieldSecurityProfiles
2020-08-13 23:10:18.905 - Info	Processing Component: Templates
2020-08-13 23:10:18.906 - Info	Processing Component: EntityMaps
2020-08-13 23:10:18.906 - Info	Processing Component: EntityRelationships
2020-08-13 23:10:18.910 - Info	Processing Component: OrganizationSettings
2020-08-13 23:10:18.911 - Info	Processing Component: optionsets
2020-08-13 23:10:18.911 - Info	Processing Component: CustomControls
2020-08-13 23:10:18.921 - Info	 - MuhammetAtalay.Xrm.PCF.NoteIt
2020-08-13 23:10:18.929 - Info	Processing Component: SolutionPluginAssemblies
2020-08-13 23:10:18.930 - Info	Processing Component: EntityDataProviders
2020-08-13 23:10:18.948 - Info	
Managed Pack complete.

2020-08-14 07:52:57.060 - Info	
Packing C:\source\repos\MuhammetAtalay.Xrm.PCF.NoteIt\NoteItControl\obj\Release\Metadata to bin\Release\NoteItControl.zip

2020-08-14 07:52:57.071 - Info	Processing Component: Entities
2020-08-14 07:52:57.076 - Info	Processing Component: Roles
2020-08-14 07:52:57.080 - Info	Processing Component: Workflows
2020-08-14 07:52:57.080 - Info	Processing Component: FieldSecurityProfiles
2020-08-14 07:52:57.080 - Info	Processing Component: Templates
2020-08-14 07:52:57.081 - Info	Processing Component: EntityMaps
2020-08-14 07:52:57.082 - Info	Processing Component: EntityRelationships
2020-08-14 07:52:57.089 - Info	Processing Component: OrganizationSettings
2020-08-14 07:52:57.089 - Info	Processing Component: optionsets
2020-08-14 07:52:57.090 - Info	Processing Component: CustomControls
2020-08-14 07:52:57.098 - Info	 - MuhammetAtalay.Xrm.PCF.NoteIt
2020-08-14 07:52:57.107 - Info	Processing Component: SolutionPluginAssemblies
2020-08-14 07:52:57.109 - Info	Processing Component: EntityDataProviders
2020-08-14 07:52:57.129 - Info	
Managed Pack complete.

2020-08-14 08:11:57.026 - Info	
Packing C:\source\repos\MuhammetAtalay.Xrm.PCF.NoteIt\NoteItControl\obj\Release\Metadata to bin\Release\NoteItControl.zip

2020-08-14 08:11:57.036 - Info	Processing Component: Entities
2020-08-14 08:11:57.039 - Info	Processing Component: Roles
2020-08-14 08:11:57.042 - Info	Processing Component: Workflows
2020-08-14 08:11:57.043 - Info	Processing Component: FieldSecurityProfiles
2020-08-14 08:11:57.043 - Info	Processing Component: Templates
2020-08-14 08:11:57.044 - Info	Processing Component: EntityMaps
2020-08-14 08:11:57.044 - Info	Processing Component: EntityRelationships
2020-08-14 08:11:57.048 - Info	Processing Component: OrganizationSettings
2020-08-14 08:11:57.049 - Info	Processing Component: optionsets
2020-08-14 08:11:57.049 - Info	Processing Component: CustomControls
2020-08-14 08:11:57.057 - Info	 - MuhammetAtalay.Xrm.PCF.NoteIt
2020-08-14 08:11:57.066 - Info	Processing Component: SolutionPluginAssemblies
2020-08-14 08:11:57.067 - Info	Processing Component: EntityDataProviders
2020-08-14 08:11:57.086 - Info	
Managed Pack complete.

2020-08-14 09:05:11.362 - Info	
Packing C:\source\repos\MuhammetAtalay.Xrm.PCF.NoteIt\NoteItControl\obj\Release\Metadata to bin\Release\NoteItControl.zip

2020-08-14 09:05:11.371 - Info	Processing Component: Entities
2020-08-14 09:05:11.374 - Info	Processing Component: Roles
2020-08-14 09:05:11.377 - Info	Processing Component: Workflows
2020-08-14 09:05:11.378 - Info	Processing Component: FieldSecurityProfiles
2020-08-14 09:05:11.378 - Info	Processing Component: Templates
2020-08-14 09:05:11.379 - Info	Processing Component: EntityMaps
2020-08-14 09:05:11.379 - Info	Processing Component: EntityRelationships
2020-08-14 09:05:11.383 - Info	Processing Component: OrganizationSettings
2020-08-14 09:05:11.383 - Info	Processing Component: optionsets
2020-08-14 09:05:11.384 - Info	Processing Component: CustomControls
2020-08-14 09:05:11.391 - Info	 - MuhammetAtalay.Xrm.PCF.NoteIt
2020-08-14 09:05:11.398 - Info	Processing Component: SolutionPluginAssemblies
2020-08-14 09:05:11.399 - Info	Processing Component: EntityDataProviders
2020-08-14 09:05:11.417 - Info	
Managed Pack complete.

2020-08-14 09:23:14.263 - Info	
Packing C:\source\repos\MuhammetAtalay.Xrm.PCF.NoteIt\NoteItControl\obj\Release\Metadata to bin\Release\NoteItControl.zip

2020-08-14 09:23:14.281 - Info	Processing Component: Entities
2020-08-14 09:23:14.286 - Info	Processing Component: Roles
2020-08-14 09:23:14.291 - Info	Processing Component: Workflows
2020-08-14 09:23:14.291 - Info	Processing Component: FieldSecurityProfiles
2020-08-14 09:23:14.292 - Info	Processing Component: Templates
2020-08-14 09:23:14.293 - Info	Processing Component: EntityMaps
2020-08-14 09:23:14.293 - Info	Processing Component: EntityRelationships
2020-08-14 09:23:14.299 - Info	Processing Component: OrganizationSettings
2020-08-14 09:23:14.300 - Info	Processing Component: optionsets
2020-08-14 09:23:14.300 - Info	Processing Component: CustomControls
2020-08-14 09:23:14.309 - Info	 - MuhammetAtalay.Xrm.PCF.NoteIt
2020-08-14 09:23:14.318 - Info	Processing Component: SolutionPluginAssemblies
2020-08-14 09:23:14.320 - Info	Processing Component: EntityDataProviders
2020-08-14 09:23:14.341 - Info	
Managed Pack complete.

2020-08-14 10:21:56.138 - Info	
Packing C:\source\repos\MuhammetAtalay.Xrm.PCF.NoteIt\NoteItControl\obj\Release\Metadata to bin\Release\NoteItControl.zip

2020-08-14 10:21:56.153 - Info	Processing Component: Entities
2020-08-14 10:21:56.158 - Info	Processing Component: Roles
2020-08-14 10:21:56.162 - Info	Processing Component: Workflows
2020-08-14 10:21:56.162 - Info	Processing Component: FieldSecurityProfiles
2020-08-14 10:21:56.162 - Info	Processing Component: Templates
2020-08-14 10:21:56.163 - Info	Processing Component: EntityMaps
2020-08-14 10:21:56.164 - Info	Processing Component: EntityRelationships
2020-08-14 10:21:56.171 - Info	Processing Component: OrganizationSettings
2020-08-14 10:21:56.171 - Info	Processing Component: optionsets
2020-08-14 10:21:56.172 - Info	Processing Component: CustomControls
2020-08-14 10:21:56.181 - Info	 - MuhammetAtalay.Xrm.PCF.NoteIt
2020-08-14 10:21:56.191 - Info	Processing Component: SolutionPluginAssemblies
2020-08-14 10:21:56.192 - Info	Processing Component: EntityDataProviders
2020-08-14 10:21:56.223 - Info	
Managed Pack complete.

