2020-08-13 21:59:10.588 - Info	
Packing C:\source\repos\MuhammetAtalay.Xrm.PCF.NoteIt\NoteItControl\obj\Debug\Metadata to bin\Debug\NoteItControl.zip

2020-08-13 21:59:10.597 - Info	Processing Component: Entities
2020-08-13 21:59:10.599 - Info	Processing Component: Roles
2020-08-13 21:59:10.601 - Info	Processing Component: Workflows
2020-08-13 21:59:10.602 - Info	Processing Component: FieldSecurityProfiles
2020-08-13 21:59:10.602 - Info	Processing Component: Templates
2020-08-13 21:59:10.602 - Info	Processing Component: EntityMaps
2020-08-13 21:59:10.603 - Info	Processing Component: EntityRelationships
2020-08-13 21:59:10.606 - Info	Processing Component: OrganizationSettings
2020-08-13 21:59:10.606 - Info	Processing Component: optionsets
2020-08-13 21:59:10.606 - Info	Processing Component: CustomControls
2020-08-13 21:59:10.613 - Info	 - MuhammetAtalay.Xrm.PCF.NoteIt
2020-08-13 21:59:10.619 - Info	Processing Component: SolutionPluginAssemblies
2020-08-13 21:59:10.620 - Info	Processing Component: EntityDataProviders
2020-08-13 21:59:10.636 - Info	
Unmanaged Pack complete.

2020-08-13 22:11:29.760 - Info	
Packing C:\source\repos\MuhammetAtalay.Xrm.PCF.NoteIt\NoteItControl\obj\Debug\Metadata to bin\Debug\NoteItControl.zip

2020-08-13 22:11:29.769 - Info	Processing Component: Entities
2020-08-13 22:11:29.771 - Info	Processing Component: Roles
2020-08-13 22:11:29.774 - Info	Processing Component: Workflows
2020-08-13 22:11:29.774 - Info	Processing Component: FieldSecurityProfiles
2020-08-13 22:11:29.775 - Info	Processing Component: Templates
2020-08-13 22:11:29.775 - Info	Processing Component: EntityMaps
2020-08-13 22:11:29.775 - Info	Processing Component: EntityRelationships
2020-08-13 22:11:29.779 - Info	Processing Component: OrganizationSettings
2020-08-13 22:11:29.780 - Info	Processing Component: optionsets
2020-08-13 22:11:29.780 - Info	Processing Component: CustomControls
2020-08-13 22:11:29.789 - Info	 - MuhammetAtalay.Xrm.PCF.NoteIt
2020-08-13 22:11:29.797 - Info	Processing Component: SolutionPluginAssemblies
2020-08-13 22:11:29.798 - Info	Processing Component: EntityDataProviders
2020-08-13 22:11:29.816 - Info	
Unmanaged Pack complete.

2020-08-13 22:25:00.035 - Info	
Packing C:\source\repos\MuhammetAtalay.Xrm.PCF.NoteIt\NoteItControl\obj\Debug\Metadata to bin\Debug\NoteItControl.zip

2020-08-13 22:25:00.046 - Info	Processing Component: Entities
2020-08-13 22:25:00.049 - Info	Processing Component: Roles
2020-08-13 22:25:00.052 - Info	Processing Component: Workflows
2020-08-13 22:25:00.053 - Info	Processing Component: FieldSecurityProfiles
2020-08-13 22:25:00.053 - Info	Processing Component: Templates
2020-08-13 22:25:00.054 - Info	Processing Component: EntityMaps
2020-08-13 22:25:00.054 - Info	Processing Component: EntityRelationships
2020-08-13 22:25:00.060 - Info	Processing Component: OrganizationSettings
2020-08-13 22:25:00.061 - Info	Processing Component: optionsets
2020-08-13 22:25:00.061 - Info	Processing Component: CustomControls
2020-08-13 22:25:00.069 - Info	 - MuhammetAtalay.Xrm.PCF.NoteIt
2020-08-13 22:25:00.078 - Info	Processing Component: SolutionPluginAssemblies
2020-08-13 22:25:00.080 - Info	Processing Component: EntityDataProviders
2020-08-13 22:25:00.102 - Info	
Unmanaged Pack complete.

2020-08-13 23:09:14.750 - Info	
Packing C:\source\repos\MuhammetAtalay.Xrm.PCF.NoteIt\NoteItControl\obj\Debug\Metadata to bin\Debug\NoteItControl.zip

2020-08-13 23:09:14.759 - Info	Processing Component: Entities
2020-08-13 23:09:14.762 - Info	Processing Component: Roles
2020-08-13 23:09:14.764 - Info	Processing Component: Workflows
2020-08-13 23:09:14.765 - Info	Processing Component: FieldSecurityProfiles
2020-08-13 23:09:14.765 - Info	Processing Component: Templates
2020-08-13 23:09:14.765 - Info	Processing Component: EntityMaps
2020-08-13 23:09:14.766 - Info	Processing Component: EntityRelationships
2020-08-13 23:09:14.770 - Info	Processing Component: OrganizationSettings
2020-08-13 23:09:14.771 - Info	Processing Component: optionsets
2020-08-13 23:09:14.771 - Info	Processing Component: CustomControls
2020-08-13 23:09:14.778 - Info	 - MuhammetAtalay.Xrm.PCF.NoteIt
2020-08-13 23:09:14.785 - Info	Processing Component: SolutionPluginAssemblies
2020-08-13 23:09:14.786 - Info	Processing Component: EntityDataProviders
2020-08-13 23:09:14.808 - Info	
Unmanaged Pack complete.

2020-08-14 07:51:51.856 - Info	
Packing C:\source\repos\MuhammetAtalay.Xrm.PCF.NoteIt\NoteItControl\obj\Debug\Metadata to bin\Debug\NoteItControl.zip

2020-08-14 07:51:51.867 - Info	Processing Component: Entities
2020-08-14 07:51:51.870 - Info	Processing Component: Roles
2020-08-14 07:51:51.873 - Info	Processing Component: Workflows
2020-08-14 07:51:51.873 - Info	Processing Component: FieldSecurityProfiles
2020-08-14 07:51:51.874 - Info	Processing Component: Templates
2020-08-14 07:51:51.874 - Info	Processing Component: EntityMaps
2020-08-14 07:51:51.874 - Info	Processing Component: EntityRelationships
2020-08-14 07:51:51.878 - Info	Processing Component: OrganizationSettings
2020-08-14 07:51:51.878 - Info	Processing Component: optionsets
2020-08-14 07:51:51.879 - Info	Processing Component: CustomControls
2020-08-14 07:51:51.886 - Info	 - MuhammetAtalay.Xrm.PCF.NoteIt
2020-08-14 07:51:51.909 - Info	Processing Component: SolutionPluginAssemblies
2020-08-14 07:51:51.910 - Info	Processing Component: EntityDataProviders
2020-08-14 07:51:51.938 - Info	
Unmanaged Pack complete.

2020-08-14 08:10:54.204 - Info	
Packing C:\source\repos\MuhammetAtalay.Xrm.PCF.NoteIt\NoteItControl\obj\Debug\Metadata to bin\Debug\NoteItControl.zip

2020-08-14 08:10:54.213 - Info	Processing Component: Entities
2020-08-14 08:10:54.215 - Info	Processing Component: Roles
2020-08-14 08:10:54.218 - Info	Processing Component: Workflows
2020-08-14 08:10:54.218 - Info	Processing Component: FieldSecurityProfiles
2020-08-14 08:10:54.218 - Info	Processing Component: Templates
2020-08-14 08:10:54.219 - Info	Processing Component: EntityMaps
2020-08-14 08:10:54.219 - Info	Processing Component: EntityRelationships
2020-08-14 08:10:54.225 - Info	Processing Component: OrganizationSettings
2020-08-14 08:10:54.226 - Info	Processing Component: optionsets
2020-08-14 08:10:54.227 - Info	Processing Component: CustomControls
2020-08-14 08:10:54.233 - Info	 - MuhammetAtalay.Xrm.PCF.NoteIt
2020-08-14 08:10:54.240 - Info	Processing Component: SolutionPluginAssemblies
2020-08-14 08:10:54.241 - Info	Processing Component: EntityDataProviders
2020-08-14 08:10:54.256 - Info	
Unmanaged Pack complete.

2020-08-14 10:19:58.005 - Info	
Packing C:\source\repos\MuhammetAtalay.Xrm.PCF.NoteIt\NoteItControl\obj\Debug\Metadata to bin\Debug\NoteItControl.zip

2020-08-14 10:19:58.017 - Info	Processing Component: Entities
2020-08-14 10:19:58.020 - Info	Processing Component: Roles
2020-08-14 10:19:58.024 - Info	Processing Component: Workflows
2020-08-14 10:19:58.024 - Info	Processing Component: FieldSecurityProfiles
2020-08-14 10:19:58.024 - Info	Processing Component: Templates
2020-08-14 10:19:58.025 - Info	Processing Component: EntityMaps
2020-08-14 10:19:58.025 - Info	Processing Component: EntityRelationships
2020-08-14 10:19:58.031 - Info	Processing Component: OrganizationSettings
2020-08-14 10:19:58.032 - Info	Processing Component: optionsets
2020-08-14 10:19:58.033 - Info	Processing Component: CustomControls
2020-08-14 10:19:58.040 - Info	 - MuhammetAtalay.Xrm.PCF.NoteIt
2020-08-14 10:19:58.046 - Info	Processing Component: SolutionPluginAssemblies
2020-08-14 10:19:58.048 - Info	Processing Component: EntityDataProviders
2020-08-14 10:19:58.066 - Info	
Unmanaged Pack complete.

